<?xml version="1.0" encoding="UTF-8"?>
<coverage generated="1635615602393" clover="3.2.0">
  <project timestamp="1635615602393" name="All files">
    <metrics statements="6" coveredstatements="6" conditionals="2" coveredconditionals="1" methods="4" coveredmethods="4" elements="12" coveredelements="11" complexity="0" loc="6" ncloc="6" packages="1" files="2" classes="2"/>
    <file name="SimpleModule.js" path="E:\JOB\jest\getting-started-with-jest\src\SimpleModule.js">
      <metrics statements="2" coveredstatements="2" conditionals="0" coveredconditionals="0" methods="2" coveredmethods="2"/>
      <line num="2" count="1" type="stmt"/>
      <line num="5" count="1" type="stmt"/>
    </file>
    <file name="filterByTerm.js" path="E:\JOB\jest\getting-started-with-jest\src\filterByTerm.js">
      <metrics statements="4" coveredstatements="4" conditionals="2" coveredconditionals="1" methods="2" coveredmethods="2"/>
      <line num="2" count="2" type="cond" truecount="1" falsecount="1"/>
      <line num="3" count="2" type="stmt"/>
      <line num="4" count="2" type="stmt"/>
      <line num="5" count="6" type="stmt"/>
    </file>
  </project>
</coverage>
