{"E:\\JOB\\jest\\getting-started-with-jest\\src\\SimpleModule.js": {"path":"E:\\JOB\\jest\\getting-started-with-jest\\src\\SimpleModule.js","statementMap":{"0":{"start":{"line":2,"column":1},"end":{"line":2,"column":17}},"1":{"start":{"line":5,"column":1},"end":{"line":5,"column":19}}},"fnMap":{"0":{"name":"simpleFunc","decl":{"start":{"line":1,"column":16},"end":{"line":1,"column":26}},"loc":{"start":{"line":1,"column":28},"end":{"line":3,"column":1}},"line":1},"1":{"name":"complexFunc","decl":{"start":{"line":4,"column":16},"end":{"line":4,"column":27}},"loc":{"start":{"line":4,"column":29},"end":{"line":6,"column":1}},"line":4}},"branchMap":{},"s":{"0":1,"1":1},"f":{"0":1,"1":1},"b":{},"_coverageSchema":"1a1c01bbd47fc00a2c39e90264f33305004495a9","hash":"957ed46ece6c6a46bafe02b23d4a0accf6280755"}
,"E:\\JOB\\jest\\getting-started-with-jest\\src\\filterByTerm.js": {"path":"E:\\JOB\\jest\\getting-started-with-jest\\src\\filterByTerm.js","statementMap":{"0":{"start":{"line":2,"column":2},"end":{"line":2,"column":61}},"1":{"start":{"line":2,"column":19},"end":{"line":2,"column":61}},"2":{"start":{"line":3,"column":16},"end":{"line":3,"column":43}},"3":{"start":{"line":4,"column":2},"end":{"line":6,"column":5}},"4":{"start":{"line":5,"column":4},"end":{"line":5,"column":41}}},"fnMap":{"0":{"name":"filterByTerm","decl":{"start":{"line":1,"column":16},"end":{"line":1,"column":28}},"loc":{"start":{"line":1,"column":51},"end":{"line":7,"column":1}},"line":1},"1":{"name":"(anonymous_1)","decl":{"start":{"line":4,"column":25},"end":{"line":4,"column":26}},"loc":{"start":{"line":4,"column":48},"end":{"line":6,"column":3}},"line":4}},"branchMap":{"0":{"loc":{"start":{"line":2,"column":2},"end":{"line":2,"column":61}},"type":"if","locations":[{"start":{"line":2,"column":2},"end":{"line":2,"column":61}},{"start":{},"end":{}}],"line":2}},"s":{"0":2,"1":0,"2":2,"3":2,"4":6},"f":{"0":2,"1":6},"b":{"0":[0,2]},"_coverageSchema":"1a1c01bbd47fc00a2c39e90264f33305004495a9","hash":"3dd59f8aeb0fe31d7098c21747b30810e9911a9e"}
}
